<?xml version="1.0" encoding="UTF-8"?>
<!-- Generated by org.testng.reporters.JUnitReportReporter -->
<testsuite hostname="DESKTOP-I9P4HJL" failures="0" tests="2" name="day4.LoginTest" time="11.849" errors="0" timestamp="2024-11-10T09:56:00 IST" skipped="0">
  <testcase classname="day4.LoginTest" name="ValidCredentials" time="7.163"/>
  <system-out/>
  <testcase classname="day4.LoginTest" name="Invalidcredentials" time="4.686"/>
  <system-out/>
</testsuite> <!-- day4.LoginTest -->
