<?xml version="1.0" encoding="UTF-8"?>
<!-- Generated by org.testng.reporters.JUnitReportReporter -->
<testsuite hostname="DESKTOP-I9P4HJL" failures="0" tests="1" name="creatregestration.DivyaRegestration" time="5.268" errors="0" timestamp="2024-11-30T13:25:14 IST" skipped="0">
  <testcase classname="creatregestration.DivyaRegestration" name="Regestrationstart" time="5.268"/>
</testsuite> <!-- creatregestration.DivyaRegestration -->
