<?xml version="1.0" encoding="UTF-8"?>
<!-- Generated by org.testng.reporters.JUnitReportReporter -->
<testsuite hostname="DESKTOP-I9P4HJL" failures="0" tests="2" name="finalTestCases.FinalRegestrationTest" time="39.945" errors="0" timestamp="2024-11-29T19:32:25 IST" skipped="0">
  <testcase classname="finalTestCases.FinalRegestrationTest" name="RegestrationSucess" time="30.482"/>
  <testcase classname="finalTestCases.FinalRegestrationTest" name="Regestrationfail" time="9.463"/>
</testsuite> <!-- finalTestCases.FinalRegestrationTest -->
