<?xml version="1.0" encoding="UTF-8"?>
<!-- Generated by org.testng.reporters.JUnitReportReporter -->
<testsuite hostname="DESKTOP-I9P4HJL" failures="0" tests="1" name="finalTestCases.FinalLoginCase" time="6.585" errors="0" timestamp="2024-05-08T14:15:21 IST" skipped="0">
  <testcase classname="finalTestCases.FinalLoginCase" name="LoginSucess" time="6.585"/>
  <system-out/>
</testsuite> <!-- finalTestCases.FinalLoginCase -->
