<?xml version="1.0" encoding="UTF-8"?>
<!-- Generated by org.testng.reporters.JUnitReportReporter -->
<testsuite hostname="DESKTOP-I9P4HJL" failures="0" tests="3" name="testcasefrombase.RegestrationFromBase" time="24.796" errors="0" timestamp="2024-05-02T12:04:45 IST" skipped="0">
  <testcase classname="testcasefrombase.RegestrationFromBase" name="Regestrationfail" time="8.793"/>
  <system-out/>
  <testcase classname="testcasefrombase.RegestrationFromBase" name="RegestrationWithOutAnyDerails" time="6.941"/>
  <system-out/>
  <testcase classname="testcasefrombase.RegestrationFromBase" name="Regestrationpass" time="9.062"/>
  <system-out/>
</testsuite> <!-- testcasefrombase.RegestrationFromBase -->
