<?xml version="1.0" encoding="UTF-8"?>
<!-- Generated by org.testng.reporters.JUnitReportReporter -->
<testsuite hostname="DESKTOP-I9P4HJL" failures="0" tests="4" name="testcasefrombase.LoginTestFromBaseClass" time="33.996" errors="0" timestamp="2024-05-02T13:15:31 IST" skipped="0">
  <testcase classname="testcasefrombase.LoginTestFromBaseClass" name="LoginwithOutDetails" time="6.640"/>
  <system-out/>
  <testcase classname="testcasefrombase.LoginTestFromBaseClass" name="Loginpass" time="7.622"/>
  <system-out/>
  <testcase classname="testcasefrombase.LoginTestFromBaseClass" name="Loginfail" time="11.930"/>
  <system-out/>
  <testcase classname="testcasefrombase.LoginTestFromBaseClass" name="Loginwithoutmail" time="7.804"/>
  <system-out/>
</testsuite> <!-- testcasefrombase.LoginTestFromBaseClass -->
