<?xml version="1.0" encoding="UTF-8"?>
<!-- Generated by org.testng.reporters.JUnitReportReporter -->
<testsuite hostname="DESKTOP-I9P4HJL" failures="0" tests="1" name="day5.ReadingDataFromProp" time="0.009" errors="0" timestamp="2024-11-10T12:28:29 IST" skipped="0">
  <testcase classname="day5.ReadingDataFromProp" name="Readingdatafromproperties" time="0.009"/>
  <system-out/>
</testsuite> <!-- day5.ReadingDataFromProp -->
