<?xml version="1.0" encoding="UTF-8"?>
<!-- Generated by org.testng.reporters.JUnitReportReporter -->
<testsuite hostname="DESKTOP-I9P4HJL" failures="0" tests="1" name="newTestCases.NewRegestration" time="8.291" errors="0" timestamp="2024-05-23T09:38:22 IST" skipped="0">
  <testcase classname="newTestCases.NewRegestration" name="loginsuccessful" time="8.291"/>
  <system-out/>
</testsuite> <!-- newTestCases.NewRegestration -->
