<?xml version="1.0" encoding="UTF-8"?>
<!-- Generated by org.testng.reporters.JUnitReportReporter -->
<testsuite hostname="DESKTOP-I9P4HJL" failures="0" tests="3" name="login.Callinglogincode" time="64.389" errors="0" timestamp="2024-11-13T11:55:06 IST" skipped="0">
  <testcase classname="login.Callinglogincode" name="ValidCredentials" time="9.351"/>
  <system-out/>
  <testcase classname="login.Callinglogincode" name="clickoncontinue" time="46.677"/>
  <system-out/>
  <testcase classname="login.Callinglogincode" name="InvalidCredentials" time="8.361"/>
  <system-out/>
</testsuite> <!-- login.Callinglogincode -->
