<?xml version="1.0" encoding="UTF-8"?>
<!-- Generated by org.testng.reporters.JUnitReportReporter -->
<testsuite hostname="DESKTOP-I9P4HJL" failures="0" tests="2" name="testcases.SearchClass" time="10.601" errors="0" timestamp="2024-11-30T13:25:14 IST" skipped="0">
  <testcase classname="testcases.SearchClass" name="searchbike" time="4.392"/>
  <testcase classname="testcases.SearchClass" name="searchHP" time="6.209"/>
</testsuite> <!-- testcases.SearchClass -->
