<?xml version="1.0" encoding="UTF-8"?>
<!-- Generated by org.testng.reporters.JUnitReportReporter -->
<testsuite hostname="DESKTOP-I9P4HJL" failures="0" tests="2" name="testcasefrombase.ScearchclassFromBase" time="14.218" errors="0" timestamp="2024-05-02T17:26:19 IST" skipped="0">
  <testcase classname="testcasefrombase.ScearchclassFromBase" name="SearchPass" time="7.672"/>
  <system-out/>
  <testcase classname="testcasefrombase.ScearchclassFromBase" name="Searchfail" time="6.546"/>
  <system-out/>
</testsuite> <!-- testcasefrombase.ScearchclassFromBase -->
